<?xml version="1.0" encoding="UTF-8"?>
<testng-results ignored="0" total="1" passed="1" failed="0" skipped="0">
  <reporter-output>
  </reporter-output>
  <suite started-at="2022-04-15T20:22:06 EET" name="Default suite" finished-at="2022-04-15T20:22:08 EET" duration-ms="1912">
    <groups>
    </groups>
    <test started-at="2022-04-15T20:22:06 EET" name="Default test" finished-at="2022-04-15T20:22:08 EET" duration-ms="1912">
      <class name="revisionTwoLibraryApi.buildJsonPayloadDynamically">
        <test-method signature="addBook()[pri:0, instance:revisionTwoLibraryApi.buildJsonPayloadDynamically@503d687a]" started-at="2022-04-15T20:22:06 EET" name="addBook" finished-at="2022-04-15T20:22:08 EET" duration-ms="1885" status="PASS">
          <reporter-output>
          </reporter-output>
        </test-method> <!-- addBook -->
      </class> <!-- revisionTwoLibraryApi.buildJsonPayloadDynamically -->
    </test> <!-- Default test -->
  </suite> <!-- Default suite -->
</testng-results>
